2017-04-23 16:51:17,851 - rootLogger - INFO - All Excel Files Initialised successfully.
2017-04-23 16:51:17,855 - rootLogger - INFO - Param.properties file loaded successfully.
2017-04-23 16:51:17,855 - rootLogger - INFO - Objects.properties file loaded successfully.
2017-04-23 16:51:17,856 - rootLogger - INFO - Execution started for SuiteOneBase.
2017-04-23 16:51:17,934 - rootLogger - INFO - All Excel Files Initialised successfully.
2017-04-23 16:51:17,935 - rootLogger - INFO - Param.properties file loaded successfully.
2017-04-23 16:51:17,935 - rootLogger - INFO - Objects.properties file loaded successfully.
2017-04-23 16:51:17,936 - rootLogger - INFO - SuiteOneCaseOne : Execution started.
2017-04-23 16:51:18,117 - rootLogger - INFO - SuiteOneCaseOne : Reporting test data set line 1 as PASS In excel.
2017-04-23 16:51:18,147 - rootLogger - INFO - SuiteOneCaseOne : Reporting test data set line 2 as PASS In excel.
2017-04-23 16:51:18,224 - rootLogger - INFO - All Excel Files Initialised successfully.
2017-04-23 16:51:18,225 - rootLogger - INFO - Param.properties file loaded successfully.
2017-04-23 16:51:18,225 - rootLogger - INFO - Objects.properties file loaded successfully.
2017-04-23 16:51:18,325 - rootLogger - INFO - All Excel Files Initialised successfully.
2017-04-23 16:51:18,328 - rootLogger - INFO - Param.properties file loaded successfully.
2017-04-23 16:51:18,328 - rootLogger - INFO - Objects.properties file loaded successfully.
2017-04-23 16:51:18,362 - rootLogger - INFO - All Excel Files Initialised successfully.
2017-04-23 16:51:18,362 - rootLogger - INFO - Param.properties file loaded successfully.
2017-04-23 16:51:18,363 - rootLogger - INFO - Objects.properties file loaded successfully.
2017-04-23 16:51:18,880 - rootLogger - INFO - All Excel Files Initialised successfully.
2017-04-23 16:51:18,881 - rootLogger - INFO - Param.properties file loaded successfully.
2017-04-23 16:51:18,881 - rootLogger - INFO - Objects.properties file loaded successfully.
